Start testing: May 19 09:10 EDT
----------------------------------------------------------
1/11 Testing: DfEngineTest.KnownBearing_North_0deg
1/11 Test: DfEngineTest.KnownBearing_North_0deg
Command: "/home/brendan/DfApp/build/df_tests" "--gtest_filter=DfEngineTest.KnownBearing_North_0deg" "--gtest_also_run_disabled_tests"
Directory: /home/brendan/DfApp/build
"DfEngineTest.KnownBearing_North_0deg" start time: May 19 09:10 EDT
Output:
----------------------------------------------------------
Running main() from /home/brendan/DfApp/build/_deps/googletest-src/googletest/src/gtest_main.cc
Note: Google Test filter = DfEngineTest.KnownBearing_North_0deg
[==========] Running 1 test from 1 test suite.
[----------] Global test environment set-up.
[----------] 1 test from DfEngineTest
[ RUN      ] DfEngineTest.KnownBearing_North_0deg
[       OK ] DfEngineTest.KnownBearing_North_0deg (0 ms)
[----------] 1 test from DfEngineTest (0 ms total)

[----------] Global test environment tear-down
[==========] 1 test from 1 test suite ran. (0 ms total)
[  PASSED  ] 1 test.
<end of output>
Test time =   0.00 sec
----------------------------------------------------------
Test Passed.
"DfEngineTest.KnownBearing_North_0deg" end time: May 19 09:10 EDT
"DfEngineTest.KnownBearing_North_0deg" time elapsed: 00:00:00
----------------------------------------------------------

2/11 Testing: DfEngineTest.KnownBearing_East_90deg
2/11 Test: DfEngineTest.KnownBearing_East_90deg
Command: "/home/brendan/DfApp/build/df_tests" "--gtest_filter=DfEngineTest.KnownBearing_East_90deg" "--gtest_also_run_disabled_tests"
Directory: /home/brendan/DfApp/build
"DfEngineTest.KnownBearing_East_90deg" start time: May 19 09:10 EDT
Output:
----------------------------------------------------------
Running main() from /home/brendan/DfApp/build/_deps/googletest-src/googletest/src/gtest_main.cc
Note: Google Test filter = DfEngineTest.KnownBearing_East_90deg
[==========] Running 1 test from 1 test suite.
[----------] Global test environment set-up.
[----------] 1 test from DfEngineTest
[ RUN      ] DfEngineTest.KnownBearing_East_90deg
[       OK ] DfEngineTest.KnownBearing_East_90deg (0 ms)
[----------] 1 test from DfEngineTest (0 ms total)

[----------] Global test environment tear-down
[==========] 1 test from 1 test suite ran. (0 ms total)
[  PASSED  ] 1 test.
<end of output>
Test time =   0.00 sec
----------------------------------------------------------
Test Passed.
"DfEngineTest.KnownBearing_East_90deg" end time: May 19 09:10 EDT
"DfEngineTest.KnownBearing_East_90deg" time elapsed: 00:00:00
----------------------------------------------------------

3/11 Testing: DfEngineTest.KnownBearing_South_180deg
3/11 Test: DfEngineTest.KnownBearing_South_180deg
Command: "/home/brendan/DfApp/build/df_tests" "--gtest_filter=DfEngineTest.KnownBearing_South_180deg" "--gtest_also_run_disabled_tests"
Directory: /home/brendan/DfApp/build
"DfEngineTest.KnownBearing_South_180deg" start time: May 19 09:10 EDT
Output:
----------------------------------------------------------
Running main() from /home/brendan/DfApp/build/_deps/googletest-src/googletest/src/gtest_main.cc
Note: Google Test filter = DfEngineTest.KnownBearing_South_180deg
[==========] Running 1 test from 1 test suite.
[----------] Global test environment set-up.
[----------] 1 test from DfEngineTest
[ RUN      ] DfEngineTest.KnownBearing_South_180deg
[       OK ] DfEngineTest.KnownBearing_South_180deg (0 ms)
[----------] 1 test from DfEngineTest (0 ms total)

[----------] Global test environment tear-down
[==========] 1 test from 1 test suite ran. (0 ms total)
[  PASSED  ] 1 test.
<end of output>
Test time =   0.00 sec
----------------------------------------------------------
Test Passed.
"DfEngineTest.KnownBearing_South_180deg" end time: May 19 09:10 EDT
"DfEngineTest.KnownBearing_South_180deg" time elapsed: 00:00:00
----------------------------------------------------------

4/11 Testing: DfEngineTest.KnownBearing_West_270deg
4/11 Test: DfEngineTest.KnownBearing_West_270deg
Command: "/home/brendan/DfApp/build/df_tests" "--gtest_filter=DfEngineTest.KnownBearing_West_270deg" "--gtest_also_run_disabled_tests"
Directory: /home/brendan/DfApp/build
"DfEngineTest.KnownBearing_West_270deg" start time: May 19 09:10 EDT
Output:
----------------------------------------------------------
Running main() from /home/brendan/DfApp/build/_deps/googletest-src/googletest/src/gtest_main.cc
Note: Google Test filter = DfEngineTest.KnownBearing_West_270deg
[==========] Running 1 test from 1 test suite.
[----------] Global test environment set-up.
[----------] 1 test from DfEngineTest
[ RUN      ] DfEngineTest.KnownBearing_West_270deg
[       OK ] DfEngineTest.KnownBearing_West_270deg (0 ms)
[----------] 1 test from DfEngineTest (0 ms total)

[----------] Global test environment tear-down
[==========] 1 test from 1 test suite ran. (0 ms total)
[  PASSED  ] 1 test.
<end of output>
Test time =   0.00 sec
----------------------------------------------------------
Test Passed.
"DfEngineTest.KnownBearing_West_270deg" end time: May 19 09:10 EDT
"DfEngineTest.KnownBearing_West_270deg" time elapsed: 00:00:00
----------------------------------------------------------

5/11 Testing: DfEngineTest.KnownBearing_Diagonal_135deg
5/11 Test: DfEngineTest.KnownBearing_Diagonal_135deg
Command: "/home/brendan/DfApp/build/df_tests" "--gtest_filter=DfEngineTest.KnownBearing_Diagonal_135deg" "--gtest_also_run_disabled_tests"
Directory: /home/brendan/DfApp/build
"DfEngineTest.KnownBearing_Diagonal_135deg" start time: May 19 09:10 EDT
Output:
----------------------------------------------------------
Running main() from /home/brendan/DfApp/build/_deps/googletest-src/googletest/src/gtest_main.cc
Note: Google Test filter = DfEngineTest.KnownBearing_Diagonal_135deg
[==========] Running 1 test from 1 test suite.
[----------] Global test environment set-up.
[----------] 1 test from DfEngineTest
[ RUN      ] DfEngineTest.KnownBearing_Diagonal_135deg
[       OK ] DfEngineTest.KnownBearing_Diagonal_135deg (0 ms)
[----------] 1 test from DfEngineTest (0 ms total)

[----------] Global test environment tear-down
[==========] 1 test from 1 test suite ran. (0 ms total)
[  PASSED  ] 1 test.
<end of output>
Test time =   0.00 sec
----------------------------------------------------------
Test Passed.
"DfEngineTest.KnownBearing_Diagonal_135deg" end time: May 19 09:10 EDT
"DfEngineTest.KnownBearing_Diagonal_135deg" time elapsed: 00:00:00
----------------------------------------------------------

6/11 Testing: DfEngineTest.LowSnr_6dB_StillConverges
6/11 Test: DfEngineTest.LowSnr_6dB_StillConverges
Command: "/home/brendan/DfApp/build/df_tests" "--gtest_filter=DfEngineTest.LowSnr_6dB_StillConverges" "--gtest_also_run_disabled_tests"
Directory: /home/brendan/DfApp/build
"DfEngineTest.LowSnr_6dB_StillConverges" start time: May 19 09:10 EDT
Output:
----------------------------------------------------------
Running main() from /home/brendan/DfApp/build/_deps/googletest-src/googletest/src/gtest_main.cc
Note: Google Test filter = DfEngineTest.LowSnr_6dB_StillConverges
[==========] Running 1 test from 1 test suite.
[----------] Global test environment set-up.
[----------] 1 test from DfEngineTest
[ RUN      ] DfEngineTest.LowSnr_6dB_StillConverges
[       OK ] DfEngineTest.LowSnr_6dB_StillConverges (0 ms)
[----------] 1 test from DfEngineTest (0 ms total)

[----------] Global test environment tear-down
[==========] 1 test from 1 test suite ran. (0 ms total)
[  PASSED  ] 1 test.
<end of output>
Test time =   0.00 sec
----------------------------------------------------------
Test Passed.
"DfEngineTest.LowSnr_6dB_StillConverges" end time: May 19 09:10 EDT
"DfEngineTest.LowSnr_6dB_StillConverges" time elapsed: 00:00:00
----------------------------------------------------------

7/11 Testing: DfEngineTest.TwoElements_ReturnsResult
7/11 Test: DfEngineTest.TwoElements_ReturnsResult
Command: "/home/brendan/DfApp/build/df_tests" "--gtest_filter=DfEngineTest.TwoElements_ReturnsResult" "--gtest_also_run_disabled_tests"
Directory: /home/brendan/DfApp/build
"DfEngineTest.TwoElements_ReturnsResult" start time: May 19 09:10 EDT
Output:
----------------------------------------------------------
Running main() from /home/brendan/DfApp/build/_deps/googletest-src/googletest/src/gtest_main.cc
Note: Google Test filter = DfEngineTest.TwoElements_ReturnsResult
[==========] Running 1 test from 1 test suite.
[----------] Global test environment set-up.
[----------] 1 test from DfEngineTest
[ RUN      ] DfEngineTest.TwoElements_ReturnsResult
[       OK ] DfEngineTest.TwoElements_ReturnsResult (0 ms)
[----------] 1 test from DfEngineTest (0 ms total)

[----------] Global test environment tear-down
[==========] 1 test from 1 test suite ran. (0 ms total)
[  PASSED  ] 1 test.
<end of output>
Test time =   0.00 sec
----------------------------------------------------------
Test Passed.
"DfEngineTest.TwoElements_ReturnsResult" end time: May 19 09:10 EDT
"DfEngineTest.TwoElements_ReturnsResult" time elapsed: 00:00:00
----------------------------------------------------------

8/11 Testing: DfEngineTest.OneElement_ReturnsInvalid
8/11 Test: DfEngineTest.OneElement_ReturnsInvalid
Command: "/home/brendan/DfApp/build/df_tests" "--gtest_filter=DfEngineTest.OneElement_ReturnsInvalid" "--gtest_also_run_disabled_tests"
Directory: /home/brendan/DfApp/build
"DfEngineTest.OneElement_ReturnsInvalid" start time: May 19 09:10 EDT
Output:
----------------------------------------------------------
Running main() from /home/brendan/DfApp/build/_deps/googletest-src/googletest/src/gtest_main.cc
Note: Google Test filter = DfEngineTest.OneElement_ReturnsInvalid
[==========] Running 1 test from 1 test suite.
[----------] Global test environment set-up.
[----------] 1 test from DfEngineTest
[ RUN      ] DfEngineTest.OneElement_ReturnsInvalid
[2026-05-19 09:10:08.454] [warning] DfEngine: need ≥2 antennas, got 1
[       OK ] DfEngineTest.OneElement_ReturnsInvalid (0 ms)
[----------] 1 test from DfEngineTest (0 ms total)

[----------] Global test environment tear-down
[==========] 1 test from 1 test suite ran. (0 ms total)
[  PASSED  ] 1 test.
<end of output>
Test time =   0.00 sec
----------------------------------------------------------
Test Passed.
"DfEngineTest.OneElement_ReturnsInvalid" end time: May 19 09:10 EDT
"DfEngineTest.OneElement_ReturnsInvalid" time elapsed: 00:00:00
----------------------------------------------------------

9/11 Testing: DfEngineTest.EmptySnapshots_ReturnsInvalid
9/11 Test: DfEngineTest.EmptySnapshots_ReturnsInvalid
Command: "/home/brendan/DfApp/build/df_tests" "--gtest_filter=DfEngineTest.EmptySnapshots_ReturnsInvalid" "--gtest_also_run_disabled_tests"
Directory: /home/brendan/DfApp/build
"DfEngineTest.EmptySnapshots_ReturnsInvalid" start time: May 19 09:10 EDT
Output:
----------------------------------------------------------
Running main() from /home/brendan/DfApp/build/_deps/googletest-src/googletest/src/gtest_main.cc
Note: Google Test filter = DfEngineTest.EmptySnapshots_ReturnsInvalid
[==========] Running 1 test from 1 test suite.
[----------] Global test environment set-up.
[----------] 1 test from DfEngineTest
[ RUN      ] DfEngineTest.EmptySnapshots_ReturnsInvalid
[2026-05-19 09:10:08.456] [warning] DfEngine: need ≥2 antennas, got 0
[       OK ] DfEngineTest.EmptySnapshots_ReturnsInvalid (0 ms)
[----------] 1 test from DfEngineTest (0 ms total)

[----------] Global test environment tear-down
[==========] 1 test from 1 test suite ran. (0 ms total)
[  PASSED  ] 1 test.
<end of output>
Test time =   0.00 sec
----------------------------------------------------------
Test Passed.
"DfEngineTest.EmptySnapshots_ReturnsInvalid" end time: May 19 09:10 EDT
"DfEngineTest.EmptySnapshots_ReturnsInvalid" time elapsed: 00:00:00
----------------------------------------------------------

10/11 Testing: DfEngineTest.UhfFrequency_433MHz
10/11 Test: DfEngineTest.UhfFrequency_433MHz
Command: "/home/brendan/DfApp/build/df_tests" "--gtest_filter=DfEngineTest.UhfFrequency_433MHz" "--gtest_also_run_disabled_tests"
Directory: /home/brendan/DfApp/build
"DfEngineTest.UhfFrequency_433MHz" start time: May 19 09:10 EDT
Output:
----------------------------------------------------------
Running main() from /home/brendan/DfApp/build/_deps/googletest-src/googletest/src/gtest_main.cc
Note: Google Test filter = DfEngineTest.UhfFrequency_433MHz
[==========] Running 1 test from 1 test suite.
[----------] Global test environment set-up.
[----------] 1 test from DfEngineTest
[ RUN      ] DfEngineTest.UhfFrequency_433MHz
[       OK ] DfEngineTest.UhfFrequency_433MHz (0 ms)
[----------] 1 test from DfEngineTest (0 ms total)

[----------] Global test environment tear-down
[==========] 1 test from 1 test suite ran. (0 ms total)
[  PASSED  ] 1 test.
<end of output>
Test time =   0.00 sec
----------------------------------------------------------
Test Passed.
"DfEngineTest.UhfFrequency_433MHz" end time: May 19 09:10 EDT
"DfEngineTest.UhfFrequency_433MHz" time elapsed: 00:00:00
----------------------------------------------------------

11/11 Testing: DfEngineTest.MoreElements_BetterAccuracyAtModerateSnr
11/11 Test: DfEngineTest.MoreElements_BetterAccuracyAtModerateSnr
Command: "/home/brendan/DfApp/build/df_tests" "--gtest_filter=DfEngineTest.MoreElements_BetterAccuracyAtModerateSnr" "--gtest_also_run_disabled_tests"
Directory: /home/brendan/DfApp/build
"DfEngineTest.MoreElements_BetterAccuracyAtModerateSnr" start time: May 19 09:10 EDT
Output:
----------------------------------------------------------
Running main() from /home/brendan/DfApp/build/_deps/googletest-src/googletest/src/gtest_main.cc
Note: Google Test filter = DfEngineTest.MoreElements_BetterAccuracyAtModerateSnr
[==========] Running 1 test from 1 test suite.
[----------] Global test environment set-up.
[----------] 1 test from DfEngineTest
[ RUN      ] DfEngineTest.MoreElements_BetterAccuracyAtModerateSnr
[       OK ] DfEngineTest.MoreElements_BetterAccuracyAtModerateSnr (0 ms)
[----------] 1 test from DfEngineTest (0 ms total)

[----------] Global test environment tear-down
[==========] 1 test from 1 test suite ran. (0 ms total)
[  PASSED  ] 1 test.
<end of output>
Test time =   0.00 sec
----------------------------------------------------------
Test Passed.
"DfEngineTest.MoreElements_BetterAccuracyAtModerateSnr" end time: May 19 09:10 EDT
"DfEngineTest.MoreElements_BetterAccuracyAtModerateSnr" time elapsed: 00:00:00
----------------------------------------------------------

End testing: May 19 09:10 EDT
